Using pre-set license
Built from '2021.3/staging' branch; Version is '2021.3.24f1 (cf10dcf7010d) revision 13570268'; Using compiler version '192829333'; Build Type 'Release'
OS: 'Windows 11  (10.0.22621) 64bit Professional' Language: 'en' Physical Memory: 16223 MB
BatchMode: 1, IsHumanControllingUs: 0, StartBugReporterOnCrash: 0, Is64bit: 1, IsPro: 1

COMMAND LINE ARGUMENTS:
C:\Program Files\Unity\Hub\Editor\2021.3.24f1\Editor\Unity.exe
-adb2
-batchMode
-noUpm
-name
AssetImportWorker3
-projectPath
C:/Users/84347/Documents/Work/fliplomacy/fliplomacy
-logFile
Logs/AssetImportWorker3.log
-srvPort
50843
Successfully changed project path to: C:/Users/84347/Documents/Work/fliplomacy/fliplomacy
C:/Users/84347/Documents/Work/fliplomacy/fliplomacy
[UnityMemory] Configuration Parameters - Can be set up in boot.config
    "memorysetup-bucket-allocator-granularity=16"
    "memorysetup-bucket-allocator-bucket-count=8"
    "memorysetup-bucket-allocator-block-size=33554432"
    "memorysetup-bucket-allocator-block-count=8"
    "memorysetup-main-allocator-block-size=16777216"
    "memorysetup-thread-allocator-block-size=16777216"
    "memorysetup-gfx-main-allocator-block-size=16777216"
    "memorysetup-gfx-thread-allocator-block-size=16777216"
    "memorysetup-cache-allocator-block-size=4194304"
    "memorysetup-typetree-allocator-block-size=2097152"
    "memorysetup-profiler-bucket-allocator-granularity=16"
    "memorysetup-profiler-bucket-allocator-bucket-count=8"
    "memorysetup-profiler-bucket-allocator-block-size=33554432"
    "memorysetup-profiler-bucket-allocator-block-count=8"
    "memorysetup-profiler-allocator-block-size=16777216"
    "memorysetup-profiler-editor-allocator-block-size=1048576"
    "memorysetup-temp-allocator-size-main=16777216"
    "memorysetup-job-temp-allocator-block-size=2097152"
    "memorysetup-job-temp-allocator-block-size-background=1048576"
    "memorysetup-job-temp-allocator-reduction-small-platforms=262144"
    "memorysetup-temp-allocator-size-background-worker=32768"
    "memorysetup-temp-allocator-size-job-worker=262144"
    "memorysetup-temp-allocator-size-preload-manager=33554432"
    "memorysetup-temp-allocator-size-nav-mesh-worker=65536"
    "memorysetup-temp-allocator-size-audio-worker=65536"
    "memorysetup-temp-allocator-size-cloud-worker=32768"
    "memorysetup-temp-allocator-size-gi-baking-worker=262144"
    "memorysetup-temp-allocator-size-gfx=262144"
Player connection [19024] Host "[IP] 192.168.1.46 [Port] 0 [Flags] 2 [Guid] 3091600515 [EditorId] 3091600515 [Version] 1048832 [Id] WindowsEditor(7,GameStudio) [Debug] 1 [PackageName] WindowsEditor [ProjectName] Editor" joined multi-casting on [225.0.0.222:54997]...

Player connection [19024] Host "[IP] 192.168.1.46 [Port] 0 [Flags] 2 [Guid] 3091600515 [EditorId] 3091600515 [Version] 1048832 [Id] WindowsEditor(7,GameStudio) [Debug] 1 [PackageName] WindowsEditor [ProjectName] Editor" joined alternative multi-casting on [225.0.0.222:34997]...

Refreshing native plugins compatible for Editor in 100.22 ms, found 4 plugins.
Preloading 0 native plugins for Editor in 0.00 ms.
Initialize engine version: 2021.3.24f1 (cf10dcf7010d)
[Subsystems] Discovering subsystems at path C:/Program Files/Unity/Hub/Editor/2021.3.24f1/Editor/Data/Resources/UnitySubsystems
[Subsystems] Discovering subsystems at path C:/Users/84347/Documents/Work/fliplomacy/fliplomacy/Assets
GfxDevice: creating device client; threaded=0; jobified=0
Direct3D:
    Version:  Direct3D 11.0 [level 11.1]
    Renderer: AMD Radeon RX 6800 XT (ID=0x73bf)
    Vendor:   ATI
    VRAM:     16337 MB
    Driver:   31.0.12027.9001
Initialize mono
Mono path[0] = 'C:/Program Files/Unity/Hub/Editor/2021.3.24f1/Editor/Data/Managed'
Mono path[1] = 'C:/Program Files/Unity/Hub/Editor/2021.3.24f1/Editor/Data/MonoBleedingEdge/lib/mono/unityjit-win32'
Mono config path = 'C:/Program Files/Unity/Hub/Editor/2021.3.24f1/Editor/Data/MonoBleedingEdge/etc'
Using monoOptions --debugger-agent=transport=dt_socket,embedding=1,server=y,suspend=n,address=127.0.0.1:56324
Begin MonoManager ReloadAssembly
Registering precompiled unity dll's ...
Register platform support module: C:/Program Files/Unity/Hub/Editor/2021.3.24f1/Editor/Data/PlaybackEngines/AndroidPlayer/UnityEditor.Android.Extensions.dll
Register platform support module: C:/Program Files/Unity/Hub/Editor/2021.3.24f1/Editor/Data/PlaybackEngines/iOSSupport/UnityEditor.iOS.Extensions.dll
Register platform support module: C:/Program Files/Unity/Hub/Editor/2021.3.24f1/Editor/Data/PlaybackEngines/WindowsStandaloneSupport/UnityEditor.WindowsStandalone.Extensions.dll
Registered in 0.003333 seconds.
Native extension for WindowsStandalone target not found
[usbmuxd] Start listen thread
[usbmuxd] Listen thread started
Native extension for iOS target not found
Native extension for Android target not found
Android Extension - Scanning For ADB Devices 169 ms
Refreshing native plugins compatible for Editor in 66.69 ms, found 4 plugins.
Preloading 0 native plugins for Editor in 0.00 ms.
Mono: successfully reloaded assembly
- Completed reload, in  0.623 seconds
Domain Reload Profiling:
	ReloadAssembly (623ms)
		BeginReloadAssembly (55ms)
			ExecutionOrderSort (0ms)
			DisableScriptedObjects (0ms)
			BackupInstance (0ms)
			ReleaseScriptingObjects (0ms)
			CreateAndSetChildDomain (1ms)
		EndReloadAssembly (504ms)
			LoadAssemblies (55ms)
			RebuildTransferFunctionScriptingTraits (0ms)
			SetupTypeCache (75ms)
			ReleaseScriptCaches (0ms)
			RebuildScriptCaches (18ms)
			SetupLoadedEditorAssemblies (372ms)
				LogAssemblyErrors (0ms)
				InitializePlatformSupportModulesInManaged (219ms)
				SetLoadedEditorAssemblies (0ms)
				RefreshPlugins (67ms)
				BeforeProcessingInitializeOnLoad (1ms)
				ProcessInitializeOnLoadAttributes (58ms)
				ProcessInitializeOnLoadMethodAttributes (27ms)
				AfterProcessingInitializeOnLoad (0ms)
				EditorAssembliesLoaded (0ms)
			ExecutionOrderSort2 (0ms)
			AwakeInstancesAfterBackupRestoration (0ms)
Platform modules already initialized, skipping
Registering precompiled user dll's ...
Registered in 0.003587 seconds.
Begin MonoManager ReloadAssembly
Symbol file LoadedFromMemory doesn't match image C:\Users\84347\Documents\Work\fliplomacy\fliplomacy\Library\PackageCache\com.unity.visualscripting@1.8.0\Editor\VisualScripting.Core\Dependencies\DotNetZip\Unity.VisualScripting.IonicZip.dll
Symbol file LoadedFromMemory doesn't match image C:\Users\84347\Documents\Work\fliplomacy\fliplomacy\Library\PackageCache\com.unity.visualscripting@1.8.0\Editor\VisualScripting.Core\Dependencies\YamlDotNet\Unity.VisualScripting.YamlDotNet.dll
Native extension for WindowsStandalone target not found
Native extension for iOS target not found
Native extension for Android target not found
Refreshing native plugins compatible for Editor in 66.21 ms, found 4 plugins.
Preloading 0 native plugins for Editor in 0.00 ms.
Mono: successfully reloaded assembly
Package Manager log level set to [2]
- Completed reload, in  0.760 seconds
Domain Reload Profiling:
	ReloadAssembly (760ms)
		BeginReloadAssembly (75ms)
			ExecutionOrderSort (0ms)
			DisableScriptedObjects (4ms)
			BackupInstance (0ms)
			ReleaseScriptingObjects (0ms)
			CreateAndSetChildDomain (13ms)
		EndReloadAssembly (615ms)
			LoadAssemblies (62ms)
			RebuildTransferFunctionScriptingTraits (0ms)
			SetupTypeCache (157ms)
			ReleaseScriptCaches (0ms)
			RebuildScriptCaches (40ms)
			SetupLoadedEditorAssemblies (322ms)
				LogAssemblyErrors (0ms)
				InitializePlatformSupportModulesInManaged (18ms)
				SetLoadedEditorAssemblies (0ms)
				RefreshPlugins (66ms)
				BeforeProcessingInitializeOnLoad (64ms)
				ProcessInitializeOnLoadAttributes (144ms)
				ProcessInitializeOnLoadMethodAttributes (26ms)
				AfterProcessingInitializeOnLoad (3ms)
				EditorAssembliesLoaded (0ms)
			ExecutionOrderSort2 (0ms)
			AwakeInstancesAfterBackupRestoration (4ms)
Platform modules already initialized, skipping
========================================================================
Worker process is ready to serve import requests
Launched and connected shader compiler UnityShaderCompiler.exe after 0.04 seconds
Refreshing native plugins compatible for Editor in 1.21 ms, found 4 plugins.
Preloading 0 native plugins for Editor in 0.00 ms.
Unloading 4094 Unused Serialized files (Serialized files now loaded: 0)
Unloading 70 unused Assets / (230.1 KB). Loaded Objects now: 4521.
Memory consumption went from 155.4 MB to 155.2 MB.
Total: 2.705900 ms (FindLiveObjects: 0.235100 ms CreateObjectMapping: 0.116900 ms MarkObjects: 2.199000 ms  DeleteObjects: 0.153800 ms)

AssetImportParameters requested are different than current active one (requested -> active):
  custom:video-decoder-ogg-theora: a1e56fd34408186e4bbccfd4996cb3dc -> 
  custom:container-muxer-webm: aa71ff27fc2769a1b78a27578f13a17b -> 
  custom:container-demuxer-webm: 4f35f7cbe854078d1ac9338744f61a02 -> 
  custom:video-encoder-webm-vp8: eb34c28f22e8b96e1ab97ce403110664 -> 
  custom:audio-encoder-webm-vorbis: bf7c407c2cedff20999df2af8eb42d56 -> 
  custom:framework-win-MediaFoundation: 216162199b28c13a410421893ffa2e32 -> 
  custom:container-demuxer-ogg: 62fdf1f143b41e24485cea50d1cbac27 -> 
  custom:video-decoder-webm-vp8: 9c59270c3fd7afecdb556c50c9e8de78 -> 
  custom:audio-decoder-ogg-vorbis: bf7c407c2cedff20999df2af8eb42d56 -> 
========================================================================
Received Import Request.
  Time since last request: 163059.945340 seconds.
  path: Assets/Sprite/Demo/Demo_Icon_ItemIcons(Original)/Icon_Potion02_Red.Png
  artifactKey: Guid(5a0d82360083945039a386d0b8ed300f) Importer(815301076,1909f56bfc062723c751e8b465ee728b)
Start importing Assets/Sprite/Demo/Demo_Icon_ItemIcons(Original)/Icon_Potion02_Red.Png using Guid(5a0d82360083945039a386d0b8ed300f) Importer(815301076,1909f56bfc062723c751e8b465ee728b)  -> (artifact id: 'acdb9af29aac867d670438decfed6fe9') in 0.117086 seconds 
========================================================================
Received Import Request.
  Time since last request: 0.000032 seconds.
  path: Assets/Sprite/Demo/Demo_Icon_ItemIcons(Original)/Icon_Trophy.Png
  artifactKey: Guid(9923687cb4b1746aa8948dc497b2ba79) Importer(815301076,1909f56bfc062723c751e8b465ee728b)
Start importing Assets/Sprite/Demo/Demo_Icon_ItemIcons(Original)/Icon_Trophy.Png using Guid(9923687cb4b1746aa8948dc497b2ba79) Importer(815301076,1909f56bfc062723c751e8b465ee728b)  -> (artifact id: '5349b0c1502336ba4993a2e69d39bf72') in 0.014782 seconds 
========================================================================
Received Import Request.
  Time since last request: 0.000023 seconds.
  path: Assets/Sprite/Demo/Demo_Icon_ItemIcons(Original)/Icon_Hammer.Png
  artifactKey: Guid(79b47bb526f2f407ea5a899bf93524fc) Importer(815301076,1909f56bfc062723c751e8b465ee728b)
Start importing Assets/Sprite/Demo/Demo_Icon_ItemIcons(Original)/Icon_Hammer.Png using Guid(79b47bb526f2f407ea5a899bf93524fc) Importer(815301076,1909f56bfc062723c751e8b465ee728b)  -> (artifact id: '559ccdf0d7474dfb53613e19f488267b') in 0.016270 seconds 
========================================================================
Received Import Request.
  Time since last request: 0.000019 seconds.
  path: Assets/Sprite/Demo/Demo_Icon_ItemIcons(Original)/Icon_Star.Png
  artifactKey: Guid(1d71065237f984e9c93efc943f6cb167) Importer(815301076,1909f56bfc062723c751e8b465ee728b)
Start importing Assets/Sprite/Demo/Demo_Icon_ItemIcons(Original)/Icon_Star.Png using Guid(1d71065237f984e9c93efc943f6cb167) Importer(815301076,1909f56bfc062723c751e8b465ee728b)  -> (artifact id: 'ad7b3071b66a0c4b007286ca5e7a44c6') in 0.014859 seconds 
========================================================================
Received Import Request.
  Time since last request: 0.000020 seconds.
  path: Assets/Sprite/Demo/Demo_Icon_ItemIcons(Original)/Icon_Gps.Png
  artifactKey: Guid(f648d5966dcd5414382abab8a4f71b00) Importer(815301076,1909f56bfc062723c751e8b465ee728b)
Start importing Assets/Sprite/Demo/Demo_Icon_ItemIcons(Original)/Icon_Gps.Png using Guid(f648d5966dcd5414382abab8a4f71b00) Importer(815301076,1909f56bfc062723c751e8b465ee728b)  -> (artifact id: 'a66f70397a8c3396c4f5708bfd57b9b0') in 0.015654 seconds 
========================================================================
Received Import Request.
  Time since last request: 0.000021 seconds.
  path: Assets/Sprite/Demo/Demo_Icon_ItemIcons(Original)/icon_Food_Shell.Png
  artifactKey: Guid(19240fc7d616b42f096d2bf1fede1d39) Importer(815301076,1909f56bfc062723c751e8b465ee728b)
Start importing Assets/Sprite/Demo/Demo_Icon_ItemIcons(Original)/icon_Food_Shell.Png using Guid(19240fc7d616b42f096d2bf1fede1d39) Importer(815301076,1909f56bfc062723c751e8b465ee728b)  -> (artifact id: '192f725601e19f658b662d72fa33f0e0') in 0.015090 seconds 
========================================================================
Received Import Request.
  Time since last request: 0.000033 seconds.
  path: Assets/Sprite/Demo/Demo_Icon_ItemIcons(Original)/Icon_Potion01_Red.Png
  artifactKey: Guid(793419d20ed1c4c928ffd26adec2578e) Importer(815301076,1909f56bfc062723c751e8b465ee728b)
Start importing Assets/Sprite/Demo/Demo_Icon_ItemIcons(Original)/Icon_Potion01_Red.Png using Guid(793419d20ed1c4c928ffd26adec2578e) Importer(815301076,1909f56bfc062723c751e8b465ee728b)  -> (artifact id: 'ed775346633031a9f8e1db8701ad12cb') in 0.014989 seconds 
========================================================================
Received Import Request.
  Time since last request: 0.000022 seconds.
  path: Assets/Sprite/Demo/Demo_Icon_ItemIcons(Original)/Icon_Compass.Png
  artifactKey: Guid(cd410da309cc34c70910ea21170079b9) Importer(815301076,1909f56bfc062723c751e8b465ee728b)
Start importing Assets/Sprite/Demo/Demo_Icon_ItemIcons(Original)/Icon_Compass.Png using Guid(cd410da309cc34c70910ea21170079b9) Importer(815301076,1909f56bfc062723c751e8b465ee728b)  -> (artifact id: '1e7c7fb1480c34ee362b4e66bb437c10') in 0.016185 seconds 
========================================================================
Received Import Request.
  Time since last request: 0.000022 seconds.
  path: Assets/Sprite/Demo/Demo_Icon_ItemIcons(Original)/Icon_Book.Png
  artifactKey: Guid(949f7004ed54344bebb60dbafccfa660) Importer(815301076,1909f56bfc062723c751e8b465ee728b)
Start importing Assets/Sprite/Demo/Demo_Icon_ItemIcons(Original)/Icon_Book.Png using Guid(949f7004ed54344bebb60dbafccfa660) Importer(815301076,1909f56bfc062723c751e8b465ee728b)  -> (artifact id: 'aa569891e7d8ee7c35c80b0c093b6657') in 0.016569 seconds 
========================================================================
Received Import Request.
  Time since last request: 0.000028 seconds.
  path: Assets/Sprite/Demo/Demo_Icon_ItemIcons(Original)/Icon_Egg.Png
  artifactKey: Guid(95a372ffeea2a4ae0baa518551b8566b) Importer(815301076,1909f56bfc062723c751e8b465ee728b)
Start importing Assets/Sprite/Demo/Demo_Icon_ItemIcons(Original)/Icon_Egg.Png using Guid(95a372ffeea2a4ae0baa518551b8566b) Importer(815301076,1909f56bfc062723c751e8b465ee728b)  -> (artifact id: '2f19b1601faa5d82a736fec62b153522') in 0.014679 seconds 
========================================================================
Received Import Request.
  Time since last request: 0.000032 seconds.
  path: Assets/Sprite/Demo/Demo_Icon_ItemIcons(Original)/Icon_Hourglass.Png
  artifactKey: Guid(4973042e6ed5a4333b3298727fa8bebe) Importer(815301076,1909f56bfc062723c751e8b465ee728b)
Start importing Assets/Sprite/Demo/Demo_Icon_ItemIcons(Original)/Icon_Hourglass.Png using Guid(4973042e6ed5a4333b3298727fa8bebe) Importer(815301076,1909f56bfc062723c751e8b465ee728b)  -> (artifact id: 'ac83092d5b1c90119c207ab6f14f1c8f') in 0.016538 seconds 
========================================================================
Received Import Request.
  Time since last request: 0.000024 seconds.
  path: Assets/Sprite/Demo/Demo_Icon_ItemIcons(Original)/icon_Bomb_Bomb.Png
  artifactKey: Guid(e999f11042cd241a38ff7e27c7803480) Importer(815301076,1909f56bfc062723c751e8b465ee728b)
Start importing Assets/Sprite/Demo/Demo_Icon_ItemIcons(Original)/icon_Bomb_Bomb.Png using Guid(e999f11042cd241a38ff7e27c7803480) Importer(815301076,1909f56bfc062723c751e8b465ee728b)  -> (artifact id: '54db2a5a9a0be68dac972384b2caf10d') in 0.014603 seconds 
========================================================================
Received Import Request.
  Time since last request: 0.000019 seconds.
  path: Assets/Sprite/Demo/Demo_Icon_ItemIcons(Original)/icon_Bomb_LandMine.Png
  artifactKey: Guid(c94ac9d283c31496a94910ba9ac982ae) Importer(815301076,1909f56bfc062723c751e8b465ee728b)
Start importing Assets/Sprite/Demo/Demo_Icon_ItemIcons(Original)/icon_Bomb_LandMine.Png using Guid(c94ac9d283c31496a94910ba9ac982ae) Importer(815301076,1909f56bfc062723c751e8b465ee728b)  -> (artifact id: '6f3a23adaded8b512a0eaaf9bed2cfea') in 0.015484 seconds 
========================================================================
Received Import Request.
  Time since last request: 0.000018 seconds.
  path: Assets/Sprite/Demo/Demo_Icon_ItemIcons(Original)/Icon_Battle.Png
  artifactKey: Guid(e35fc472b6ada425894eef3b044e099f) Importer(815301076,1909f56bfc062723c751e8b465ee728b)
Start importing Assets/Sprite/Demo/Demo_Icon_ItemIcons(Original)/Icon_Battle.Png using Guid(e35fc472b6ada425894eef3b044e099f) Importer(815301076,1909f56bfc062723c751e8b465ee728b)  -> (artifact id: 'c66686a6af7ee6411604c7b11e2abee2') in 0.015188 seconds 
========================================================================
Received Import Request.
  Time since last request: 0.000035 seconds.
  path: Assets/Sprite/Demo/Demo_Icon_ItemIcons(Original)/Icon_DogGum.Png
  artifactKey: Guid(4a7be438cd9a94041802e4fadf206167) Importer(815301076,1909f56bfc062723c751e8b465ee728b)
Start importing Assets/Sprite/Demo/Demo_Icon_ItemIcons(Original)/Icon_DogGum.Png using Guid(4a7be438cd9a94041802e4fadf206167) Importer(815301076,1909f56bfc062723c751e8b465ee728b)  -> (artifact id: '9534786f57e11a1e562c96a794cd1117') in 0.014770 seconds 
========================================================================
Received Import Request.
  Time since last request: 0.000023 seconds.
  path: Assets/Sprite/Demo/Demo_Icon_ItemIcons(Original)/Icon_Sword.Png
  artifactKey: Guid(169d45648e00348038299fc345aa6b4f) Importer(815301076,1909f56bfc062723c751e8b465ee728b)
Start importing Assets/Sprite/Demo/Demo_Icon_ItemIcons(Original)/Icon_Sword.Png using Guid(169d45648e00348038299fc345aa6b4f) Importer(815301076,1909f56bfc062723c751e8b465ee728b)  -> (artifact id: '3e8c6daf987b413ea638074a41eb4a67') in 0.015703 seconds 
========================================================================
Received Import Request.
  Time since last request: 0.000019 seconds.
  path: Assets/Sprite/Demo/Demo_Icon_ItemIcons(Original)/Icon_Gem_Pearl.Png
  artifactKey: Guid(b0efa260411a445fcae565a580e07a37) Importer(815301076,1909f56bfc062723c751e8b465ee728b)
Start importing Assets/Sprite/Demo/Demo_Icon_ItemIcons(Original)/Icon_Gem_Pearl.Png using Guid(b0efa260411a445fcae565a580e07a37) Importer(815301076,1909f56bfc062723c751e8b465ee728b)  -> (artifact id: 'd932d7404bccacf7ffc66da8902710aa') in 0.014971 seconds 
========================================================================
Received Import Request.
  Time since last request: 0.000023 seconds.
  path: Assets/Sprite/Demo/Demo_Icon_ItemIcons(Original)/Icon_Tooth.Png
  artifactKey: Guid(9ed76373c3aae4e949cd7feccd939007) Importer(815301076,1909f56bfc062723c751e8b465ee728b)
Start importing Assets/Sprite/Demo/Demo_Icon_ItemIcons(Original)/Icon_Tooth.Png using Guid(9ed76373c3aae4e949cd7feccd939007) Importer(815301076,1909f56bfc062723c751e8b465ee728b)  -> (artifact id: 'a4e805ac94cb2aed8b2ca7b840bf2381') in 0.016578 seconds 
========================================================================
Received Import Request.
  Time since last request: 0.000031 seconds.
  path: Assets/Sprite/Demo/Demo_Icon_ItemIcons(Original)/Icon_Gem01_Purple.Png
  artifactKey: Guid(5dfb16ae0220748c98c6d5ab5220b70a) Importer(815301076,1909f56bfc062723c751e8b465ee728b)
Start importing Assets/Sprite/Demo/Demo_Icon_ItemIcons(Original)/Icon_Gem01_Purple.Png using Guid(5dfb16ae0220748c98c6d5ab5220b70a) Importer(815301076,1909f56bfc062723c751e8b465ee728b)  -> (artifact id: '31d0fc32b4162a2524fed2b229257037') in 0.014755 seconds 
========================================================================
Received Import Request.
  Time since last request: 0.000019 seconds.
  path: Assets/Sprite/Demo/Demo_Icon_ItemIcons(Original)/Icon_Gem02_Hexagon_Purple.Png
  artifactKey: Guid(d363c86f558114e2f97ec9fb6a23bf08) Importer(815301076,1909f56bfc062723c751e8b465ee728b)
Start importing Assets/Sprite/Demo/Demo_Icon_ItemIcons(Original)/Icon_Gem02_Hexagon_Purple.Png using Guid(d363c86f558114e2f97ec9fb6a23bf08) Importer(815301076,1909f56bfc062723c751e8b465ee728b)  -> (artifact id: '6c6ad57bc9a205944c5664939be0199b') in 0.013598 seconds 
========================================================================
Received Import Request.
  Time since last request: 7.668694 seconds.
  path: Assets/Sprite/Demo/Demo_Image/Common_White_Box.png
  artifactKey: Guid(75bcd0b7eff514a1b963792ac5ce380c) Importer(815301076,1909f56bfc062723c751e8b465ee728b)
Start importing Assets/Sprite/Demo/Demo_Image/Common_White_Box.png using Guid(75bcd0b7eff514a1b963792ac5ce380c) Importer(815301076,1909f56bfc062723c751e8b465ee728b)  -> (artifact id: '50a26d5c987403c26ab37ffbfdeb932e') in 0.015675 seconds 
========================================================================
Received Import Request.
  Time since last request: 0.000019 seconds.
  path: Assets/Sprite/Demo/Demo_Image/Image_StageTheme_Beach.png
  artifactKey: Guid(bc4a084373ec44b99b49e7a2a4f5da2d) Importer(815301076,1909f56bfc062723c751e8b465ee728b)
Start importing Assets/Sprite/Demo/Demo_Image/Image_StageTheme_Beach.png using Guid(bc4a084373ec44b99b49e7a2a4f5da2d) Importer(815301076,1909f56bfc062723c751e8b465ee728b)  -> (artifact id: '2f7af7cbae966fd94bed5477e5d7f5b8') in 0.039254 seconds 
========================================================================
Received Import Request.
  Time since last request: 0.000029 seconds.
  path: Assets/Sprite/Demo/Demo_Image/Image_StageTheme_City.png
  artifactKey: Guid(fdc3ad5fb76254238bca973927314946) Importer(815301076,1909f56bfc062723c751e8b465ee728b)
Start importing Assets/Sprite/Demo/Demo_Image/Image_StageTheme_City.png using Guid(fdc3ad5fb76254238bca973927314946) Importer(815301076,1909f56bfc062723c751e8b465ee728b)  -> (artifact id: 'ed738787357fc31b158827404ad36c68') in 0.044329 seconds 
Editor requested this worker to shutdown with reason: Scaling down because of idle timeout
AssetImportWorker is now disconnected from the server
Process exiting
Exiting without the bug reporter. Application will terminate with return code 0